
===============
= letter: A
===============

Artificial amateurs aren't at all amazing
Analytically, I assault, animate things

===============
= letter: B
===============

Broken barriers bounded by the bomb beat
Buildings are broken, basically I'm bombarding

===============
= letter: C
===============

Casually create catastrophes, casualties
Canceling cats got their canopies collapsing

===============
= letter: D
===============

Detonate a dime of dank daily doin' dough
Demonstrations, Don Dada on the down low
